<?xml version="1.0" encoding="UTF-8"?>
<!-- Generated by org.testng.reporters.JUnitReportReporter -->
<testsuite hostname="SumithAmin" failures="0" tests="1" name="testCases.TC001_Account_Registration_Test" time="3.556" errors="0" timestamp="2024-08-07T15:11:23 IST" skipped="0">
  <testcase classname="testCases.TC001_Account_Registration_Test" name="verifyAccountRegister" time="3.556"/>
</testsuite> <!-- testCases.TC001_Account_Registration_Test -->
