<?xml version="1.0" encoding="UTF-8"?>
<!-- Generated by org.testng.reporters.JUnitReportReporter -->
<testsuite hostname="SumithAmin" failures="0" tests="1" name="testCases.TC001_Account_Registration_Test" time="8.329" errors="0" timestamp="2024-08-16T17:34:11 IST" skipped="0">
  <testcase classname="testCases.TC001_Account_Registration_Test" name="verifyAccountRegister" time="8.329"/>
</testsuite> <!-- testCases.TC001_Account_Registration_Test -->
